<<<<<<< HEAD
2023-08-25 01:55:04,697 INFO MainThread-139757184831488: Starting the TrekTrek App... [in helpers.py:27]
2023-08-25 01:55:07,566 INFO MainThread-140158955507712: Starting the TrekTrek App... [in helpers.py:27]
2023-08-25 01:55:10,423 INFO MainThread-140683705270272: Starting the TrekTrek App... [in helpers.py:27]
2023-08-25 01:55:12,186 INFO MainThread-140709773877248: Starting the TrekTrek App... [in helpers.py:27]
2023-08-25 01:55:15,986 INFO MainThread-140704413736960: Starting the TrekTrek App... [in helpers.py:27]
2023-08-25 01:55:18,731 INFO MainThread-139892881944576: Starting the TrekTrek App... [in helpers.py:27]
2023-08-25 01:55:18,807 INFO MainThread-139892881944576: Database tables created [in trek.py:34]
2023-08-25 21:44:20,485 INFO MainThread-140568953294848: Starting the TrekTrek App... [in helpers.py:27]
2023-08-25 21:44:20,566 INFO MainThread-140568953294848: Database tables created [in trek.py:34]
=======
2023-08-25 20:59:07,059 INFO MainThread-140631469477888: Starting the TrekTrek App... [in helpers.py:27]
2023-08-25 20:59:07,126 INFO MainThread-140631469477888: Database tables created [in trek.py:34]
2023-08-25 20:59:56,237 INFO MainThread-139832887746560: Starting the TrekTrek App... [in helpers.py:27]
2023-08-25 20:59:56,312 INFO MainThread-139832887746560: Database tables created [in trek.py:34]
2023-08-25 21:00:01,208 INFO MainThread-139944560009216: Starting the TrekTrek App... [in helpers.py:27]
2023-08-25 21:00:01,281 INFO MainThread-139944560009216: Database tables created [in trek.py:34]
2023-08-25 21:00:03,036 INFO MainThread-140265004785664: Starting the TrekTrek App... [in helpers.py:27]
2023-08-25 21:00:03,097 INFO MainThread-140265004785664: Database tables created [in trek.py:34]
2023-08-25 21:00:06,954 INFO MainThread-139658991439872: Starting the TrekTrek App... [in helpers.py:27]
2023-08-25 21:00:07,020 INFO MainThread-139658991439872: Database tables created [in trek.py:34]
2023-08-25 21:00:08,828 INFO MainThread-140514393092096: Starting the TrekTrek App... [in helpers.py:27]
2023-08-25 21:00:08,900 INFO MainThread-140514393092096: Database tables created [in trek.py:34]
2023-08-25 21:00:10,650 INFO MainThread-139871907721216: Starting the TrekTrek App... [in helpers.py:27]
2023-08-25 21:00:10,714 INFO MainThread-139871907721216: Database tables created [in trek.py:34]
2023-08-25 21:01:16,146 INFO MainThread-140351304327168: Starting the TrekTrek App... [in helpers.py:27]
2023-08-25 21:01:18,077 INFO MainThread-140679736111104: Starting the TrekTrek App... [in helpers.py:27]
2023-08-25 21:01:19,903 INFO MainThread-140308598087680: Starting the TrekTrek App... [in helpers.py:27]
2023-08-25 21:01:21,747 INFO MainThread-139949394829312: Starting the TrekTrek App... [in helpers.py:27]
2023-08-25 21:01:25,547 INFO MainThread-139842775687168: Starting the TrekTrek App... [in helpers.py:27]
2023-08-25 21:01:25,609 INFO MainThread-139842775687168: Database tables created [in trek.py:34]
2023-08-25 21:01:28,521 INFO MainThread-139716777406464: Starting the TrekTrek App... [in helpers.py:27]
2023-08-25 21:01:28,587 INFO MainThread-139716777406464: Database tables created [in trek.py:34]
2023-08-25 21:01:40,526 INFO MainThread-140124718964736: Starting the TrekTrek App... [in helpers.py:27]
2023-08-25 21:01:40,593 INFO MainThread-140124718964736: Database tables created [in trek.py:34]
2023-08-25 21:01:42,347 INFO MainThread-140275240112128: Starting the TrekTrek App... [in helpers.py:27]
2023-08-25 21:01:42,414 INFO MainThread-140275240112128: Database tables created [in trek.py:34]
2023-08-25 21:01:44,193 INFO MainThread-140658393370624: Starting the TrekTrek App... [in helpers.py:27]
2023-08-25 21:01:47,045 INFO MainThread-140653005873152: Starting the TrekTrek App... [in helpers.py:27]
2023-08-25 21:01:47,108 INFO MainThread-140653005873152: Database tables created [in trek.py:34]
2023-08-25 21:02:19,120 INFO MainThread-140670105387008: Starting the TrekTrek App... [in helpers.py:27]
2023-08-25 21:02:19,180 INFO MainThread-140670105387008: Database tables created [in trek.py:34]
2023-08-25 21:02:23,038 INFO MainThread-139898694508544: Starting the TrekTrek App... [in helpers.py:27]
2023-08-25 21:02:23,103 INFO MainThread-139898694508544: Database tables created [in trek.py:34]
2023-08-25 21:02:27,909 INFO MainThread-140331648655360: Starting the TrekTrek App... [in helpers.py:27]
2023-08-25 21:02:29,783 INFO MainThread-140478212857856: Starting the TrekTrek App... [in helpers.py:27]
2023-08-25 21:02:29,847 INFO MainThread-140478212857856: Database tables created [in trek.py:34]
2023-08-25 21:03:18,079 INFO MainThread-140313349427200: Starting the TrekTrek App... [in helpers.py:27]
2023-08-25 21:03:18,144 INFO MainThread-140313349427200: Database tables created [in trek.py:34]
2023-08-25 21:03:29,050 INFO MainThread-140320940658688: Starting the TrekTrek App... [in helpers.py:27]
2023-08-25 21:03:29,114 INFO MainThread-140320940658688: Database tables created [in trek.py:34]
2023-08-25 21:04:05,692 INFO MainThread-139736606629888: Starting the TrekTrek App... [in helpers.py:27]
2023-08-25 21:04:05,763 INFO MainThread-139736606629888: Database tables created [in trek.py:34]
2023-08-25 21:04:20,653 INFO MainThread-139643509694464: Starting the TrekTrek App... [in helpers.py:27]
2023-08-25 21:04:20,714 INFO MainThread-139643509694464: Database tables created [in trek.py:34]
2023-08-25 21:05:02,819 INFO MainThread-139910590754816: Starting the TrekTrek App... [in helpers.py:27]
2023-08-25 21:05:02,890 INFO MainThread-139910590754816: Database tables created [in trek.py:34]
2023-08-25 21:05:08,647 INFO MainThread-139695150247936: Starting the TrekTrek App... [in helpers.py:27]
2023-08-25 21:05:08,718 INFO MainThread-139695150247936: Database tables created [in trek.py:34]
2023-08-25 21:05:43,858 INFO MainThread-140638073344000: Starting the TrekTrek App... [in helpers.py:27]
2023-08-25 21:05:43,920 INFO MainThread-140638073344000: Database tables created [in trek.py:34]
2023-08-25 21:05:50,400 INFO MainThread-139729896153088: Starting the TrekTrek App... [in helpers.py:27]
2023-08-25 21:05:50,465 INFO MainThread-139729896153088: Database tables created [in trek.py:34]
2023-08-25 21:06:08,953 INFO MainThread-139662966743040: Starting the TrekTrek App... [in helpers.py:27]
2023-08-25 21:06:09,014 INFO MainThread-139662966743040: Database tables created [in trek.py:34]
2023-08-25 21:06:18,479 INFO MainThread-139667549888512: Starting the TrekTrek App... [in helpers.py:27]
2023-08-25 21:06:18,541 INFO MainThread-139667549888512: Database tables created [in trek.py:34]
2023-08-25 21:32:39,229 INFO MainThread-140022628741120: Starting the TrekTrek App... [in helpers.py:27]
2023-08-25 21:32:39,318 INFO MainThread-140022628741120: Database tables created [in trek.py:34]
2023-08-25 21:32:41,070 INFO MainThread-139912800088064: Starting the TrekTrek App... [in helpers.py:27]
2023-08-25 21:32:41,134 INFO MainThread-139912800088064: Database tables created [in trek.py:34]
2023-08-25 21:34:15,702 INFO MainThread-139694311383040: Starting the TrekTrek App... [in helpers.py:27]
2023-08-25 21:34:19,577 INFO MainThread-139845734572032: Starting the TrekTrek App... [in helpers.py:27]
2023-08-25 21:34:19,639 INFO MainThread-139845734572032: Database tables created [in trek.py:34]
2023-08-25 21:34:23,570 INFO MainThread-140141943615488: Starting the TrekTrek App... [in helpers.py:27]
2023-08-25 21:34:25,474 INFO MainThread-140543794106368: Starting the TrekTrek App... [in helpers.py:27]
2023-08-25 21:34:25,543 INFO MainThread-140543794106368: Database tables created [in trek.py:34]
2023-08-25 21:35:38,878 INFO MainThread-139663190679552: Starting the TrekTrek App... [in helpers.py:27]
2023-08-25 21:35:42,788 INFO MainThread-139682496954368: Starting the TrekTrek App... [in helpers.py:27]
2023-08-25 21:35:42,857 INFO MainThread-139682496954368: Database tables created [in trek.py:34]
2023-08-25 21:36:00,790 INFO MainThread-140073429966848: Starting the TrekTrek App... [in helpers.py:27]
2023-08-25 21:36:00,856 INFO MainThread-140073429966848: Database tables created [in trek.py:34]
2023-08-25 21:36:02,581 INFO MainThread-140326095237120: Starting the TrekTrek App... [in helpers.py:27]
2023-08-25 21:36:02,649 INFO MainThread-140326095237120: Database tables created [in trek.py:34]
2023-08-25 21:36:07,511 INFO MainThread-140276403060736: Starting the TrekTrek App... [in helpers.py:27]
2023-08-25 21:36:07,583 INFO MainThread-140276403060736: Database tables created [in trek.py:34]
2023-08-25 21:36:13,427 INFO MainThread-139970627575808: Starting the TrekTrek App... [in helpers.py:27]
2023-08-25 21:36:16,409 INFO MainThread-140347739320320: Starting the TrekTrek App... [in helpers.py:27]
2023-08-25 21:36:16,498 INFO MainThread-140347739320320: Database tables created [in trek.py:34]
2023-08-25 21:36:21,438 INFO MainThread-140694454161408: Starting the TrekTrek App... [in helpers.py:27]
2023-08-25 21:36:21,506 INFO MainThread-140694454161408: Database tables created [in trek.py:34]
2023-08-25 21:36:47,526 INFO MainThread-139884755398656: Starting the TrekTrek App... [in helpers.py:27]
2023-08-25 21:36:47,590 INFO MainThread-139884755398656: Database tables created [in trek.py:34]
2023-08-25 21:38:31,183 INFO MainThread-139911016005632: Starting the TrekTrek App... [in helpers.py:27]
2023-08-25 21:38:31,251 INFO MainThread-139911016005632: Database tables created [in trek.py:34]
2023-08-25 21:38:37,105 INFO MainThread-140082632396800: Starting the TrekTrek App... [in helpers.py:27]
2023-08-25 21:38:37,167 INFO MainThread-140082632396800: Database tables created [in trek.py:34]
2023-08-25 21:38:41,095 INFO MainThread-140056879579136: Starting the TrekTrek App... [in helpers.py:27]
2023-08-25 21:38:42,933 INFO MainThread-140251092697088: Starting the TrekTrek App... [in helpers.py:27]
2023-08-25 21:38:42,996 INFO MainThread-140251092697088: Database tables created [in trek.py:34]
2023-08-25 21:38:46,877 INFO MainThread-140552531464192: Starting the TrekTrek App... [in helpers.py:27]
2023-08-25 21:38:46,946 INFO MainThread-140552531464192: Database tables created [in trek.py:34]
2023-08-25 21:38:48,705 INFO MainThread-139755939807232: Starting the TrekTrek App... [in helpers.py:27]
2023-08-25 21:38:48,774 INFO MainThread-139755939807232: Database tables created [in trek.py:34]
2023-08-25 21:38:54,618 INFO MainThread-139977242001408: Starting the TrekTrek App... [in helpers.py:27]
2023-08-25 21:38:56,451 INFO MainThread-139981522989056: Starting the TrekTrek App... [in helpers.py:27]
2023-08-25 21:38:56,525 INFO MainThread-139981522989056: Database tables created [in trek.py:34]
2023-08-25 21:39:05,350 INFO MainThread-139724736380928: Starting the TrekTrek App... [in helpers.py:27]
2023-08-25 21:39:05,412 INFO MainThread-139724736380928: Database tables created [in trek.py:34]
2023-08-25 21:39:40,441 INFO MainThread-139689849835520: Starting the TrekTrek App... [in helpers.py:27]
2023-08-25 21:39:40,503 INFO MainThread-139689849835520: Database tables created [in trek.py:34]
2023-08-25 21:39:51,347 INFO MainThread-140644979691520: Starting the TrekTrek App... [in helpers.py:27]
2023-08-25 21:39:51,417 INFO MainThread-140644979691520: Database tables created [in trek.py:34]
2023-08-25 21:40:12,315 INFO MainThread-140553512886272: Starting the TrekTrek App... [in helpers.py:27]
2023-08-25 21:40:14,237 INFO MainThread-140719785189376: Starting the TrekTrek App... [in helpers.py:27]
2023-08-25 21:40:14,308 INFO MainThread-140719785189376: Database tables created [in trek.py:34]
>>>>>>> development
2023-08-25 21:45:01,028 INFO MainThread-140379646742528: Starting the TrekTrek App... [in helpers.py:27]
2023-08-25 21:45:01,122 INFO MainThread-140379646742528: Database tables created [in trek.py:34]
